{"$message_type":"diagnostic","message":"Expected a string literal for `name`, but found an identifier. Did you mean to specify an `accessor`?\n\nIf you're migrating from SpacetimeDB 1.*, replace `name = template` with `accessor = template`.","code":null,"level":"error","spans":[{"file_name":"src/lib.rs","byte_start":196,"byte_end":202,"line_start":7,"line_end":7,"column_start":9,"column_end":15,"is_primary":true,"text":[{"text":"#[table(name = template, public)]","highlight_start":9,"highlight_end":15}],"label":null,"suggested_replacement":null,"suggestion_applicability":null,"expansion":null}],"children":[],"rendered":"\u001b[1m\u001b[91merror\u001b[0m\u001b[1m: Expected a string literal for `name`, but found an identifier. Did you mean to specify an `accessor`?\u001b[0m\n\u001b[1m       \u001b[0m\n\u001b[1m       If you're migrating from SpacetimeDB 1.*, replace `name = template` with `accessor = template`.\u001b[0m\n \u001b[1m\u001b[94m--> \u001b[0msrc/lib.rs:7:9\n  \u001b[1m\u001b[94m|\u001b[0m\n\u001b[1m\u001b[94m7\u001b[0m \u001b[1m\u001b[94m|\u001b[0m #[table(name = template, public)]\n  \u001b[1m\u001b[94m|\u001b[0m         \u001b[1m\u001b[91m^^^^^^\u001b[0m\n\n"}
{"$message_type":"diagnostic","message":"Expected a string literal for `name`, but found an identifier. Did you mean to specify an `accessor`?\n\nIf you're migrating from SpacetimeDB 1.*, replace `name = run` with `accessor = run`.","code":null,"level":"error","spans":[{"file_name":"src/lib.rs","byte_start":489,"byte_end":495,"line_start":20,"line_end":20,"column_start":9,"column_end":15,"is_primary":true,"text":[{"text":"#[table(name = run, public)]","highlight_start":9,"highlight_end":15}],"label":null,"suggested_replacement":null,"suggestion_applicability":null,"expansion":null}],"children":[],"rendered":"\u001b[1m\u001b[91merror\u001b[0m\u001b[1m: Expected a string literal for `name`, but found an identifier. Did you mean to specify an `accessor`?\u001b[0m\n\u001b[1m       \u001b[0m\n\u001b[1m       If you're migrating from SpacetimeDB 1.*, replace `name = run` with `accessor = run`.\u001b[0m\n  \u001b[1m\u001b[94m--> \u001b[0msrc/lib.rs:20:9\n   \u001b[1m\u001b[94m|\u001b[0m\n\u001b[1m\u001b[94m20\u001b[0m \u001b[1m\u001b[94m|\u001b[0m #[table(name = run, public)]\n   \u001b[1m\u001b[94m|\u001b[0m         \u001b[1m\u001b[91m^^^^^^\u001b[0m\n\n"}
{"$message_type":"diagnostic","message":"Expected a string literal for `name`, but found an identifier. Did you mean to specify an `accessor`?\n\nIf you're migrating from SpacetimeDB 1.*, replace `name = run_payload` with `accessor = run_payload`.","code":null,"level":"error","spans":[{"file_name":"src/lib.rs","byte_start":928,"byte_end":934,"line_start":39,"line_end":39,"column_start":9,"column_end":15,"is_primary":true,"text":[{"text":"#[table(name = run_payload, public)]","highlight_start":9,"highlight_end":15}],"label":null,"suggested_replacement":null,"suggestion_applicability":null,"expansion":null}],"children":[],"rendered":"\u001b[1m\u001b[91merror\u001b[0m\u001b[1m: Expected a string literal for `name`, but found an identifier. Did you mean to specify an `accessor`?\u001b[0m\n\u001b[1m       \u001b[0m\n\u001b[1m       If you're migrating from SpacetimeDB 1.*, replace `name = run_payload` with `accessor = run_payload`.\u001b[0m\n  \u001b[1m\u001b[94m--> \u001b[0msrc/lib.rs:39:9\n   \u001b[1m\u001b[94m|\u001b[0m\n\u001b[1m\u001b[94m39\u001b[0m \u001b[1m\u001b[94m|\u001b[0m #[table(name = run_payload, public)]\n   \u001b[1m\u001b[94m|\u001b[0m         \u001b[1m\u001b[91m^^^^^^\u001b[0m\n\n"}
{"$message_type":"diagnostic","message":"cannot find struct, variant or union type `Template` in this scope","code":{"code":"E0422","explanation":"An identifier that is neither defined nor a struct was used.\n\nErroneous code example:\n\n```compile_fail,E0422\nfn main () {\n    let x = Foo { x: 1, y: 2 };\n}\n```\n\nIn this case, `Foo` is undefined, so it inherently isn't anything, and\ndefinitely not a struct.\n\n```compile_fail\nfn main () {\n    let foo = 1;\n    let x = foo { x: 1, y: 2 };\n}\n```\n\nIn this case, `foo` is defined, but is not a struct, so Rust can't use it as\none.\n"},"level":"error","spans":[{"file_name":"src/lib.rs","byte_start":3336,"byte_end":3344,"line_start":139,"line_end":139,"column_start":15,"column_end":23,"is_primary":true,"text":[{"text":"    let row = Template {","highlight_start":15,"highlight_end":23}],"label":"not found in this scope","suggested_replacement":null,"suggestion_applicability":null,"expansion":null}],"children":[],"rendered":"\u001b[1m\u001b[91merror[E0422]\u001b[0m\u001b[1m: cannot find struct, variant or union type `Template` in this scope\u001b[0m\n   \u001b[1m\u001b[94m--> \u001b[0msrc/lib.rs:139:15\n    \u001b[1m\u001b[94m|\u001b[0m\n\u001b[1m\u001b[94m139\u001b[0m \u001b[1m\u001b[94m|\u001b[0m     let row = Template {\n    \u001b[1m\u001b[94m|\u001b[0m               \u001b[1m\u001b[91m^^^^^^^^\u001b[0m \u001b[1m\u001b[91mnot found in this scope\u001b[0m\n\n"}
{"$message_type":"diagnostic","message":"cannot find struct, variant or union type `Template` in this scope","code":{"code":"E0422","explanation":"An identifier that is neither defined nor a struct was used.\n\nErroneous code example:\n\n```compile_fail,E0422\nfn main () {\n    let x = Foo { x: 1, y: 2 };\n}\n```\n\nIn this case, `Foo` is undefined, so it inherently isn't anything, and\ndefinitely not a struct.\n\n```compile_fail\nfn main () {\n    let foo = 1;\n    let x = foo { x: 1, y: 2 };\n}\n```\n\nIn this case, `foo` is defined, but is not a struct, so Rust can't use it as\none.\n"},"level":"error","spans":[{"file_name":"src/lib.rs","byte_start":3937,"byte_end":3945,"line_start":160,"line_end":160,"column_start":39,"column_end":47,"is_primary":true,"text":[{"text":"        ctx.db.template().id().update(Template {","highlight_start":39,"highlight_end":47}],"label":"not found in this scope","suggested_replacement":null,"suggestion_applicability":null,"expansion":null}],"children":[],"rendered":"\u001b[1m\u001b[91merror[E0422]\u001b[0m\u001b[1m: cannot find struct, variant or union type `Template` in this scope\u001b[0m\n   \u001b[1m\u001b[94m--> \u001b[0msrc/lib.rs:160:39\n    \u001b[1m\u001b[94m|\u001b[0m\n\u001b[1m\u001b[94m160\u001b[0m \u001b[1m\u001b[94m|\u001b[0m         ctx.db.template().id().update(Template {\n    \u001b[1m\u001b[94m|\u001b[0m                                       \u001b[1m\u001b[91m^^^^^^^^\u001b[0m \u001b[1m\u001b[91mnot found in this scope\u001b[0m\n\n"}
{"$message_type":"diagnostic","message":"cannot find struct, variant or union type `Run` in this scope","code":{"code":"E0422","explanation":"An identifier that is neither defined nor a struct was used.\n\nErroneous code example:\n\n```compile_fail,E0422\nfn main () {\n    let x = Foo { x: 1, y: 2 };\n}\n```\n\nIn this case, `Foo` is undefined, so it inherently isn't anything, and\ndefinitely not a struct.\n\n```compile_fail\nfn main () {\n    let foo = 1;\n    let x = foo { x: 1, y: 2 };\n}\n```\n\nIn this case, `foo` is defined, but is not a struct, so Rust can't use it as\none.\n"},"level":"error","spans":[{"file_name":"src/lib.rs","byte_start":4294,"byte_end":4297,"line_start":178,"line_end":178,"column_start":15,"column_end":18,"is_primary":true,"text":[{"text":"    let row = Run {","highlight_start":15,"highlight_end":18}],"label":"not found in this scope","suggested_replacement":null,"suggestion_applicability":null,"expansion":null}],"children":[],"rendered":"\u001b[1m\u001b[91merror[E0422]\u001b[0m\u001b[1m: cannot find struct, variant or union type `Run` in this scope\u001b[0m\n   \u001b[1m\u001b[94m--> \u001b[0msrc/lib.rs:178:15\n    \u001b[1m\u001b[94m|\u001b[0m\n\u001b[1m\u001b[94m178\u001b[0m \u001b[1m\u001b[94m|\u001b[0m     let row = Run {\n    \u001b[1m\u001b[94m|\u001b[0m               \u001b[1m\u001b[91m^^^\u001b[0m \u001b[1m\u001b[91mnot found in this scope\u001b[0m\n\n"}
{"$message_type":"diagnostic","message":"cannot find struct, variant or union type `Run` in this scope","code":{"code":"E0422","explanation":"An identifier that is neither defined nor a struct was used.\n\nErroneous code example:\n\n```compile_fail,E0422\nfn main () {\n    let x = Foo { x: 1, y: 2 };\n}\n```\n\nIn this case, `Foo` is undefined, so it inherently isn't anything, and\ndefinitely not a struct.\n\n```compile_fail\nfn main () {\n    let foo = 1;\n    let x = foo { x: 1, y: 2 };\n}\n```\n\nIn this case, `foo` is defined, but is not a struct, so Rust can't use it as\none.\n"},"level":"error","spans":[{"file_name":"src/lib.rs","byte_start":5124,"byte_end":5127,"line_start":206,"line_end":206,"column_start":34,"column_end":37,"is_primary":true,"text":[{"text":"        ctx.db.run().id().update(Run {","highlight_start":34,"highlight_end":37}],"label":"not found in this scope","suggested_replacement":null,"suggestion_applicability":null,"expansion":null}],"children":[],"rendered":"\u001b[1m\u001b[91merror[E0422]\u001b[0m\u001b[1m: cannot find struct, variant or union type `Run` in this scope\u001b[0m\n   \u001b[1m\u001b[94m--> \u001b[0msrc/lib.rs:206:34\n    \u001b[1m\u001b[94m|\u001b[0m\n\u001b[1m\u001b[94m206\u001b[0m \u001b[1m\u001b[94m|\u001b[0m         ctx.db.run().id().update(Run {\n    \u001b[1m\u001b[94m|\u001b[0m                                  \u001b[1m\u001b[91m^^^\u001b[0m \u001b[1m\u001b[91mnot found in this scope\u001b[0m\n\n"}
{"$message_type":"diagnostic","message":"cannot find struct, variant or union type `Run` in this scope","code":{"code":"E0422","explanation":"An identifier that is neither defined nor a struct was used.\n\nErroneous code example:\n\n```compile_fail,E0422\nfn main () {\n    let x = Foo { x: 1, y: 2 };\n}\n```\n\nIn this case, `Foo` is undefined, so it inherently isn't anything, and\ndefinitely not a struct.\n\n```compile_fail\nfn main () {\n    let foo = 1;\n    let x = foo { x: 1, y: 2 };\n}\n```\n\nIn this case, `foo` is defined, but is not a struct, so Rust can't use it as\none.\n"},"level":"error","spans":[{"file_name":"src/lib.rs","byte_start":5437,"byte_end":5440,"line_start":217,"line_end":217,"column_start":34,"column_end":37,"is_primary":true,"text":[{"text":"        ctx.db.run().id().update(Run {","highlight_start":34,"highlight_end":37}],"label":"not found in this scope","suggested_replacement":null,"suggestion_applicability":null,"expansion":null}],"children":[],"rendered":"\u001b[1m\u001b[91merror[E0422]\u001b[0m\u001b[1m: cannot find struct, variant or union type `Run` in this scope\u001b[0m\n   \u001b[1m\u001b[94m--> \u001b[0msrc/lib.rs:217:34\n    \u001b[1m\u001b[94m|\u001b[0m\n\u001b[1m\u001b[94m217\u001b[0m \u001b[1m\u001b[94m|\u001b[0m         ctx.db.run().id().update(Run {\n    \u001b[1m\u001b[94m|\u001b[0m                                  \u001b[1m\u001b[91m^^^\u001b[0m \u001b[1m\u001b[91mnot found in this scope\u001b[0m\n\n"}
{"$message_type":"diagnostic","message":"cannot find struct, variant or union type `RunPayload` in this scope","code":{"code":"E0422","explanation":"An identifier that is neither defined nor a struct was used.\n\nErroneous code example:\n\n```compile_fail,E0422\nfn main () {\n    let x = Foo { x: 1, y: 2 };\n}\n```\n\nIn this case, `Foo` is undefined, so it inherently isn't anything, and\ndefinitely not a struct.\n\n```compile_fail\nfn main () {\n    let foo = 1;\n    let x = foo { x: 1, y: 2 };\n}\n```\n\nIn this case, `foo` is defined, but is not a struct, so Rust can't use it as\none.\n"},"level":"error","spans":[{"file_name":"src/lib.rs","byte_start":5540,"byte_end":5550,"line_start":223,"line_end":223,"column_start":19,"column_end":29,"is_primary":true,"text":[{"text":"    let payload = RunPayload {","highlight_start":19,"highlight_end":29}],"label":"not found in this scope","suggested_replacement":null,"suggestion_applicability":null,"expansion":null}],"children":[],"rendered":"\u001b[1m\u001b[91merror[E0422]\u001b[0m\u001b[1m: cannot find struct, variant or union type `RunPayload` in this scope\u001b[0m\n   \u001b[1m\u001b[94m--> \u001b[0msrc/lib.rs:223:19\n    \u001b[1m\u001b[94m|\u001b[0m\n\u001b[1m\u001b[94m223\u001b[0m \u001b[1m\u001b[94m|\u001b[0m     let payload = RunPayload {\n    \u001b[1m\u001b[94m|\u001b[0m                   \u001b[1m\u001b[91m^^^^^^^^^^\u001b[0m \u001b[1m\u001b[91mnot found in this scope\u001b[0m\n\n"}
{"$message_type":"diagnostic","message":"cannot find struct, variant or union type `Run` in this scope","code":{"code":"E0422","explanation":"An identifier that is neither defined nor a struct was used.\n\nErroneous code example:\n\n```compile_fail,E0422\nfn main () {\n    let x = Foo { x: 1, y: 2 };\n}\n```\n\nIn this case, `Foo` is undefined, so it inherently isn't anything, and\ndefinitely not a struct.\n\n```compile_fail\nfn main () {\n    let foo = 1;\n    let x = foo { x: 1, y: 2 };\n}\n```\n\nIn this case, `foo` is defined, but is not a struct, so Rust can't use it as\none.\n"},"level":"error","spans":[{"file_name":"src/lib.rs","byte_start":6266,"byte_end":6269,"line_start":243,"line_end":243,"column_start":34,"column_end":37,"is_primary":true,"text":[{"text":"        ctx.db.run().id().update(Run {","highlight_start":34,"highlight_end":37}],"label":"not found in this scope","suggested_replacement":null,"suggestion_applicability":null,"expansion":null}],"children":[],"rendered":"\u001b[1m\u001b[91merror[E0422]\u001b[0m\u001b[1m: cannot find struct, variant or union type `Run` in this scope\u001b[0m\n   \u001b[1m\u001b[94m--> \u001b[0msrc/lib.rs:243:34\n    \u001b[1m\u001b[94m|\u001b[0m\n\u001b[1m\u001b[94m243\u001b[0m \u001b[1m\u001b[94m|\u001b[0m         ctx.db.run().id().update(Run {\n    \u001b[1m\u001b[94m|\u001b[0m                                  \u001b[1m\u001b[91m^^^\u001b[0m \u001b[1m\u001b[91mnot found in this scope\u001b[0m\n\n"}
{"$message_type":"diagnostic","message":"cannot find struct, variant or union type `Run` in this scope","code":{"code":"E0422","explanation":"An identifier that is neither defined nor a struct was used.\n\nErroneous code example:\n\n```compile_fail,E0422\nfn main () {\n    let x = Foo { x: 1, y: 2 };\n}\n```\n\nIn this case, `Foo` is undefined, so it inherently isn't anything, and\ndefinitely not a struct.\n\n```compile_fail\nfn main () {\n    let foo = 1;\n    let x = foo { x: 1, y: 2 };\n}\n```\n\nIn this case, `foo` is defined, but is not a struct, so Rust can't use it as\none.\n"},"level":"error","spans":[{"file_name":"src/lib.rs","byte_start":6664,"byte_end":6667,"line_start":256,"line_end":256,"column_start":34,"column_end":37,"is_primary":true,"text":[{"text":"        ctx.db.run().id().update(Run {","highlight_start":34,"highlight_end":37}],"label":"not found in this scope","suggested_replacement":null,"suggestion_applicability":null,"expansion":null}],"children":[],"rendered":"\u001b[1m\u001b[91merror[E0422]\u001b[0m\u001b[1m: cannot find struct, variant or union type `Run` in this scope\u001b[0m\n   \u001b[1m\u001b[94m--> \u001b[0msrc/lib.rs:256:34\n    \u001b[1m\u001b[94m|\u001b[0m\n\u001b[1m\u001b[94m256\u001b[0m \u001b[1m\u001b[94m|\u001b[0m         ctx.db.run().id().update(Run {\n    \u001b[1m\u001b[94m|\u001b[0m                                  \u001b[1m\u001b[91m^^^\u001b[0m \u001b[1m\u001b[91mnot found in this scope\u001b[0m\n\n"}
{"$message_type":"diagnostic","message":"no method named `template` found for struct `Local` in the current scope","code":{"code":"E0599","explanation":"This error occurs when a method is used on a type which doesn't implement it:\n\nErroneous code example:\n\n```compile_fail,E0599\nstruct Mouth;\n\nlet x = Mouth;\nx.chocolate(); // error: no method named `chocolate` found for type `Mouth`\n               //        in the current scope\n```\n\nIn this case, you need to implement the `chocolate` method to fix the error:\n\n```\nstruct Mouth;\n\nimpl Mouth {\n    fn chocolate(&self) { // We implement the `chocolate` method here.\n        println!(\"Hmmm! I love chocolate!\");\n    }\n}\n\nlet x = Mouth;\nx.chocolate(); // ok!\n```\n"},"level":"error","spans":[{"file_name":"src/lib.rs","byte_start":2959,"byte_end":2967,"line_start":125,"line_end":125,"column_start":27,"column_end":35,"is_primary":true,"text":[{"text":"    let existing = ctx.db.template().id().find(&input.id);","highlight_start":27,"highlight_end":35}],"label":"method not found in `Local`","suggested_replacement":null,"suggestion_applicability":null,"expansion":null}],"children":[],"rendered":"\u001b[1m\u001b[91merror[E0599]\u001b[0m\u001b[1m: no method named `template` found for struct `Local` in the current scope\u001b[0m\n   \u001b[1m\u001b[94m--> \u001b[0msrc/lib.rs:125:27\n    \u001b[1m\u001b[94m|\u001b[0m\n\u001b[1m\u001b[94m125\u001b[0m \u001b[1m\u001b[94m|\u001b[0m     let existing = ctx.db.template().id().find(&input.id);\n    \u001b[1m\u001b[94m|\u001b[0m                           \u001b[1m\u001b[91m^^^^^^^^\u001b[0m \u001b[1m\u001b[91mmethod not found in `Local`\u001b[0m\n\n"}
{"$message_type":"diagnostic","message":"no method named `template` found for struct `Local` in the current scope","code":{"code":"E0599","explanation":"This error occurs when a method is used on a type which doesn't implement it:\n\nErroneous code example:\n\n```compile_fail,E0599\nstruct Mouth;\n\nlet x = Mouth;\nx.chocolate(); // error: no method named `chocolate` found for type `Mouth`\n               //        in the current scope\n```\n\nIn this case, you need to implement the `chocolate` method to fix the error:\n\n```\nstruct Mouth;\n\nimpl Mouth {\n    fn chocolate(&self) { // We implement the `chocolate` method here.\n        println!(\"Hmmm! I love chocolate!\");\n    }\n}\n\nlet x = Mouth;\nx.chocolate(); // ok!\n```\n"},"level":"error","spans":[{"file_name":"src/lib.rs","byte_start":3652,"byte_end":3660,"line_start":151,"line_end":151,"column_start":16,"column_end":24,"is_primary":true,"text":[{"text":"        ctx.db.template().id().update(row);","highlight_start":16,"highlight_end":24}],"label":"method not found in `Local`","suggested_replacement":null,"suggestion_applicability":null,"expansion":null}],"children":[],"rendered":"\u001b[1m\u001b[91merror[E0599]\u001b[0m\u001b[1m: no method named `template` found for struct `Local` in the current scope\u001b[0m\n   \u001b[1m\u001b[94m--> \u001b[0msrc/lib.rs:151:16\n    \u001b[1m\u001b[94m|\u001b[0m\n\u001b[1m\u001b[94m151\u001b[0m \u001b[1m\u001b[94m|\u001b[0m         ctx.db.template().id().update(row);\n    \u001b[1m\u001b[94m|\u001b[0m                \u001b[1m\u001b[91m^^^^^^^^\u001b[0m \u001b[1m\u001b[91mmethod not found in `Local`\u001b[0m\n\n"}
{"$message_type":"diagnostic","message":"no method named `template` found for struct `Local` in the current scope","code":{"code":"E0599","explanation":"This error occurs when a method is used on a type which doesn't implement it:\n\nErroneous code example:\n\n```compile_fail,E0599\nstruct Mouth;\n\nlet x = Mouth;\nx.chocolate(); // error: no method named `chocolate` found for type `Mouth`\n               //        in the current scope\n```\n\nIn this case, you need to implement the `chocolate` method to fix the error:\n\n```\nstruct Mouth;\n\nimpl Mouth {\n    fn chocolate(&self) { // We implement the `chocolate` method here.\n        println!(\"Hmmm! I love chocolate!\");\n    }\n}\n\nlet x = Mouth;\nx.chocolate(); // ok!\n```\n"},"level":"error","spans":[{"file_name":"src/lib.rs","byte_start":3709,"byte_end":3717,"line_start":153,"line_end":153,"column_start":16,"column_end":24,"is_primary":true,"text":[{"text":"        ctx.db.template().insert(row);","highlight_start":16,"highlight_end":24}],"label":"method not found in `Local`","suggested_replacement":null,"suggestion_applicability":null,"expansion":null}],"children":[],"rendered":"\u001b[1m\u001b[91merror[E0599]\u001b[0m\u001b[1m: no method named `template` found for struct `Local` in the current scope\u001b[0m\n   \u001b[1m\u001b[94m--> \u001b[0msrc/lib.rs:153:16\n    \u001b[1m\u001b[94m|\u001b[0m\n\u001b[1m\u001b[94m153\u001b[0m \u001b[1m\u001b[94m|\u001b[0m         ctx.db.template().insert(row);\n    \u001b[1m\u001b[94m|\u001b[0m                \u001b[1m\u001b[91m^^^^^^^^\u001b[0m \u001b[1m\u001b[91mmethod not found in `Local`\u001b[0m\n\n"}
{"$message_type":"diagnostic","message":"no method named `template` found for struct `Local` in the current scope","code":{"code":"E0599","explanation":"This error occurs when a method is used on a type which doesn't implement it:\n\nErroneous code example:\n\n```compile_fail,E0599\nstruct Mouth;\n\nlet x = Mouth;\nx.chocolate(); // error: no method named `chocolate` found for type `Mouth`\n               //        in the current scope\n```\n\nIn this case, you need to implement the `chocolate` method to fix the error:\n\n```\nstruct Mouth;\n\nimpl Mouth {\n    fn chocolate(&self) { // We implement the `chocolate` method here.\n        println!(\"Hmmm! I love chocolate!\");\n    }\n}\n\nlet x = Mouth;\nx.chocolate(); // ok!\n```\n"},"level":"error","spans":[{"file_name":"src/lib.rs","byte_start":3865,"byte_end":3873,"line_start":159,"line_end":159,"column_start":31,"column_end":39,"is_primary":true,"text":[{"text":"    if let Some(row) = ctx.db.template().id().find(&input.id) {","highlight_start":31,"highlight_end":39}],"label":"method not found in `Local`","suggested_replacement":null,"suggestion_applicability":null,"expansion":null}],"children":[],"rendered":"\u001b[1m\u001b[91merror[E0599]\u001b[0m\u001b[1m: no method named `template` found for struct `Local` in the current scope\u001b[0m\n   \u001b[1m\u001b[94m--> \u001b[0msrc/lib.rs:159:31\n    \u001b[1m\u001b[94m|\u001b[0m\n\u001b[1m\u001b[94m159\u001b[0m \u001b[1m\u001b[94m|\u001b[0m     if let Some(row) = ctx.db.template().id().find(&input.id) {\n    \u001b[1m\u001b[94m|\u001b[0m                               \u001b[1m\u001b[91m^^^^^^^^\u001b[0m \u001b[1m\u001b[91mmethod not found in `Local`\u001b[0m\n\n"}
{"$message_type":"diagnostic","message":"no method named `template` found for struct `Local` in the current scope","code":{"code":"E0599","explanation":"This error occurs when a method is used on a type which doesn't implement it:\n\nErroneous code example:\n\n```compile_fail,E0599\nstruct Mouth;\n\nlet x = Mouth;\nx.chocolate(); // error: no method named `chocolate` found for type `Mouth`\n               //        in the current scope\n```\n\nIn this case, you need to implement the `chocolate` method to fix the error:\n\n```\nstruct Mouth;\n\nimpl Mouth {\n    fn chocolate(&self) { // We implement the `chocolate` method here.\n        println!(\"Hmmm! I love chocolate!\");\n    }\n}\n\nlet x = Mouth;\nx.chocolate(); // ok!\n```\n"},"level":"error","spans":[{"file_name":"src/lib.rs","byte_start":3914,"byte_end":3922,"line_start":160,"line_end":160,"column_start":16,"column_end":24,"is_primary":true,"text":[{"text":"        ctx.db.template().id().update(Template {","highlight_start":16,"highlight_end":24}],"label":"method not found in `Local`","suggested_replacement":null,"suggestion_applicability":null,"expansion":null}],"children":[],"rendered":"\u001b[1m\u001b[91merror[E0599]\u001b[0m\u001b[1m: no method named `template` found for struct `Local` in the current scope\u001b[0m\n   \u001b[1m\u001b[94m--> \u001b[0msrc/lib.rs:160:16\n    \u001b[1m\u001b[94m|\u001b[0m\n\u001b[1m\u001b[94m160\u001b[0m \u001b[1m\u001b[94m|\u001b[0m         ctx.db.template().id().update(Template {\n    \u001b[1m\u001b[94m|\u001b[0m                \u001b[1m\u001b[91m^^^^^^^^\u001b[0m \u001b[1m\u001b[91mmethod not found in `Local`\u001b[0m\n\n"}
{"$message_type":"diagnostic","message":"no method named `run` found for struct `Local` in the current scope","code":{"code":"E0599","explanation":"This error occurs when a method is used on a type which doesn't implement it:\n\nErroneous code example:\n\n```compile_fail,E0599\nstruct Mouth;\n\nlet x = Mouth;\nx.chocolate(); // error: no method named `chocolate` found for type `Mouth`\n               //        in the current scope\n```\n\nIn this case, you need to implement the `chocolate` method to fix the error:\n\n```\nstruct Mouth;\n\nimpl Mouth {\n    fn chocolate(&self) { // We implement the `chocolate` method here.\n        println!(\"Hmmm! I love chocolate!\");\n    }\n}\n\nlet x = Mouth;\nx.chocolate(); // ok!\n```\n"},"level":"error","spans":[{"file_name":"src/lib.rs","byte_start":4791,"byte_end":4794,"line_start":195,"line_end":195,"column_start":27,"column_end":30,"is_primary":true,"text":[{"text":"    let existing = ctx.db.run().id().find(&row.id);","highlight_start":27,"highlight_end":30}],"label":"method not found in `Local`","suggested_replacement":null,"suggestion_applicability":null,"expansion":null}],"children":[],"rendered":"\u001b[1m\u001b[91merror[E0599]\u001b[0m\u001b[1m: no method named `run` found for struct `Local` in the current scope\u001b[0m\n   \u001b[1m\u001b[94m--> \u001b[0msrc/lib.rs:195:27\n    \u001b[1m\u001b[94m|\u001b[0m\n\u001b[1m\u001b[94m195\u001b[0m \u001b[1m\u001b[94m|\u001b[0m     let existing = ctx.db.run().id().find(&row.id);\n    \u001b[1m\u001b[94m|\u001b[0m                           \u001b[1m\u001b[91m^^^\u001b[0m \u001b[1m\u001b[91mmethod not found in `Local`\u001b[0m\n\n"}
{"$message_type":"diagnostic","message":"no method named `run` found for struct `Local` in the current scope","code":{"code":"E0599","explanation":"This error occurs when a method is used on a type which doesn't implement it:\n\nErroneous code example:\n\n```compile_fail,E0599\nstruct Mouth;\n\nlet x = Mouth;\nx.chocolate(); // error: no method named `chocolate` found for type `Mouth`\n               //        in the current scope\n```\n\nIn this case, you need to implement the `chocolate` method to fix the error:\n\n```\nstruct Mouth;\n\nimpl Mouth {\n    fn chocolate(&self) { // We implement the `chocolate` method here.\n        println!(\"Hmmm! I love chocolate!\");\n    }\n}\n\nlet x = Mouth;\nx.chocolate(); // ok!\n```\n"},"level":"error","spans":[{"file_name":"src/lib.rs","byte_start":4860,"byte_end":4863,"line_start":197,"line_end":197,"column_start":16,"column_end":19,"is_primary":true,"text":[{"text":"        ctx.db.run().id().update(row);","highlight_start":16,"highlight_end":19}],"label":"method not found in `Local`","suggested_replacement":null,"suggestion_applicability":null,"expansion":null}],"children":[],"rendered":"\u001b[1m\u001b[91merror[E0599]\u001b[0m\u001b[1m: no method named `run` found for struct `Local` in the current scope\u001b[0m\n   \u001b[1m\u001b[94m--> \u001b[0msrc/lib.rs:197:16\n    \u001b[1m\u001b[94m|\u001b[0m\n\u001b[1m\u001b[94m197\u001b[0m \u001b[1m\u001b[94m|\u001b[0m         ctx.db.run().id().update(row);\n    \u001b[1m\u001b[94m|\u001b[0m                \u001b[1m\u001b[91m^^^\u001b[0m \u001b[1m\u001b[91mmethod not found in `Local`\u001b[0m\n\n"}
{"$message_type":"diagnostic","message":"no method named `run` found for struct `Local` in the current scope","code":{"code":"E0599","explanation":"This error occurs when a method is used on a type which doesn't implement it:\n\nErroneous code example:\n\n```compile_fail,E0599\nstruct Mouth;\n\nlet x = Mouth;\nx.chocolate(); // error: no method named `chocolate` found for type `Mouth`\n               //        in the current scope\n```\n\nIn this case, you need to implement the `chocolate` method to fix the error:\n\n```\nstruct Mouth;\n\nimpl Mouth {\n    fn chocolate(&self) { // We implement the `chocolate` method here.\n        println!(\"Hmmm! I love chocolate!\");\n    }\n}\n\nlet x = Mouth;\nx.chocolate(); // ok!\n```\n"},"level":"error","spans":[{"file_name":"src/lib.rs","byte_start":4912,"byte_end":4915,"line_start":199,"line_end":199,"column_start":16,"column_end":19,"is_primary":true,"text":[{"text":"        ctx.db.run().insert(row);","highlight_start":16,"highlight_end":19}],"label":"method not found in `Local`","suggested_replacement":null,"suggestion_applicability":null,"expansion":null}],"children":[],"rendered":"\u001b[1m\u001b[91merror[E0599]\u001b[0m\u001b[1m: no method named `run` found for struct `Local` in the current scope\u001b[0m\n   \u001b[1m\u001b[94m--> \u001b[0msrc/lib.rs:199:16\n    \u001b[1m\u001b[94m|\u001b[0m\n\u001b[1m\u001b[94m199\u001b[0m \u001b[1m\u001b[94m|\u001b[0m         ctx.db.run().insert(row);\n    \u001b[1m\u001b[94m|\u001b[0m                \u001b[1m\u001b[91m^^^\u001b[0m \u001b[1m\u001b[91mmethod not found in `Local`\u001b[0m\n\n"}
{"$message_type":"diagnostic","message":"no method named `run` found for struct `Local` in the current scope","code":{"code":"E0599","explanation":"This error occurs when a method is used on a type which doesn't implement it:\n\nErroneous code example:\n\n```compile_fail,E0599\nstruct Mouth;\n\nlet x = Mouth;\nx.chocolate(); // error: no method named `chocolate` found for type `Mouth`\n               //        in the current scope\n```\n\nIn this case, you need to implement the `chocolate` method to fix the error:\n\n```\nstruct Mouth;\n\nimpl Mouth {\n    fn chocolate(&self) { // We implement the `chocolate` method here.\n        println!(\"Hmmm! I love chocolate!\");\n    }\n}\n\nlet x = Mouth;\nx.chocolate(); // ok!\n```\n"},"level":"error","spans":[{"file_name":"src/lib.rs","byte_start":5062,"byte_end":5065,"line_start":205,"line_end":205,"column_start":31,"column_end":34,"is_primary":true,"text":[{"text":"    if let Some(row) = ctx.db.run().id().find(&input.id) {","highlight_start":31,"highlight_end":34}],"label":"method not found in `Local`","suggested_replacement":null,"suggestion_applicability":null,"expansion":null}],"children":[],"rendered":"\u001b[1m\u001b[91merror[E0599]\u001b[0m\u001b[1m: no method named `run` found for struct `Local` in the current scope\u001b[0m\n   \u001b[1m\u001b[94m--> \u001b[0msrc/lib.rs:205:31\n    \u001b[1m\u001b[94m|\u001b[0m\n\u001b[1m\u001b[94m205\u001b[0m \u001b[1m\u001b[94m|\u001b[0m     if let Some(row) = ctx.db.run().id().find(&input.id) {\n    \u001b[1m\u001b[94m|\u001b[0m                               \u001b[1m\u001b[91m^^^\u001b[0m \u001b[1m\u001b[91mmethod not found in `Local`\u001b[0m\n\n"}
{"$message_type":"diagnostic","message":"no method named `run` found for struct `Local` in the current scope","code":{"code":"E0599","explanation":"This error occurs when a method is used on a type which doesn't implement it:\n\nErroneous code example:\n\n```compile_fail,E0599\nstruct Mouth;\n\nlet x = Mouth;\nx.chocolate(); // error: no method named `chocolate` found for type `Mouth`\n               //        in the current scope\n```\n\nIn this case, you need to implement the `chocolate` method to fix the error:\n\n```\nstruct Mouth;\n\nimpl Mouth {\n    fn chocolate(&self) { // We implement the `chocolate` method here.\n        println!(\"Hmmm! I love chocolate!\");\n    }\n}\n\nlet x = Mouth;\nx.chocolate(); // ok!\n```\n"},"level":"error","spans":[{"file_name":"src/lib.rs","byte_start":5106,"byte_end":5109,"line_start":206,"line_end":206,"column_start":16,"column_end":19,"is_primary":true,"text":[{"text":"        ctx.db.run().id().update(Run {","highlight_start":16,"highlight_end":19}],"label":"method not found in `Local`","suggested_replacement":null,"suggestion_applicability":null,"expansion":null}],"children":[],"rendered":"\u001b[1m\u001b[91merror[E0599]\u001b[0m\u001b[1m: no method named `run` found for struct `Local` in the current scope\u001b[0m\n   \u001b[1m\u001b[94m--> \u001b[0msrc/lib.rs:206:16\n    \u001b[1m\u001b[94m|\u001b[0m\n\u001b[1m\u001b[94m206\u001b[0m \u001b[1m\u001b[94m|\u001b[0m         ctx.db.run().id().update(Run {\n    \u001b[1m\u001b[94m|\u001b[0m                \u001b[1m\u001b[91m^^^\u001b[0m \u001b[1m\u001b[91mmethod not found in `Local`\u001b[0m\n\n"}
{"$message_type":"diagnostic","message":"no method named `run` found for struct `Local` in the current scope","code":{"code":"E0599","explanation":"This error occurs when a method is used on a type which doesn't implement it:\n\nErroneous code example:\n\n```compile_fail,E0599\nstruct Mouth;\n\nlet x = Mouth;\nx.chocolate(); // error: no method named `chocolate` found for type `Mouth`\n               //        in the current scope\n```\n\nIn this case, you need to implement the `chocolate` method to fix the error:\n\n```\nstruct Mouth;\n\nimpl Mouth {\n    fn chocolate(&self) { // We implement the `chocolate` method here.\n        println!(\"Hmmm! I love chocolate!\");\n    }\n}\n\nlet x = Mouth;\nx.chocolate(); // ok!\n```\n"},"level":"error","spans":[{"file_name":"src/lib.rs","byte_start":5375,"byte_end":5378,"line_start":216,"line_end":216,"column_start":31,"column_end":34,"is_primary":true,"text":[{"text":"    if let Some(row) = ctx.db.run().id().find(&input.id) {","highlight_start":31,"highlight_end":34}],"label":"method not found in `Local`","suggested_replacement":null,"suggestion_applicability":null,"expansion":null}],"children":[],"rendered":"\u001b[1m\u001b[91merror[E0599]\u001b[0m\u001b[1m: no method named `run` found for struct `Local` in the current scope\u001b[0m\n   \u001b[1m\u001b[94m--> \u001b[0msrc/lib.rs:216:31\n    \u001b[1m\u001b[94m|\u001b[0m\n\u001b[1m\u001b[94m216\u001b[0m \u001b[1m\u001b[94m|\u001b[0m     if let Some(row) = ctx.db.run().id().find(&input.id) {\n    \u001b[1m\u001b[94m|\u001b[0m                               \u001b[1m\u001b[91m^^^\u001b[0m \u001b[1m\u001b[91mmethod not found in `Local`\u001b[0m\n\n"}
{"$message_type":"diagnostic","message":"no method named `run` found for struct `Local` in the current scope","code":{"code":"E0599","explanation":"This error occurs when a method is used on a type which doesn't implement it:\n\nErroneous code example:\n\n```compile_fail,E0599\nstruct Mouth;\n\nlet x = Mouth;\nx.chocolate(); // error: no method named `chocolate` found for type `Mouth`\n               //        in the current scope\n```\n\nIn this case, you need to implement the `chocolate` method to fix the error:\n\n```\nstruct Mouth;\n\nimpl Mouth {\n    fn chocolate(&self) { // We implement the `chocolate` method here.\n        println!(\"Hmmm! I love chocolate!\");\n    }\n}\n\nlet x = Mouth;\nx.chocolate(); // ok!\n```\n"},"level":"error","spans":[{"file_name":"src/lib.rs","byte_start":5419,"byte_end":5422,"line_start":217,"line_end":217,"column_start":16,"column_end":19,"is_primary":true,"text":[{"text":"        ctx.db.run().id().update(Run {","highlight_start":16,"highlight_end":19}],"label":"method not found in `Local`","suggested_replacement":null,"suggestion_applicability":null,"expansion":null}],"children":[],"rendered":"\u001b[1m\u001b[91merror[E0599]\u001b[0m\u001b[1m: no method named `run` found for struct `Local` in the current scope\u001b[0m\n   \u001b[1m\u001b[94m--> \u001b[0msrc/lib.rs:217:16\n    \u001b[1m\u001b[94m|\u001b[0m\n\u001b[1m\u001b[94m217\u001b[0m \u001b[1m\u001b[94m|\u001b[0m         ctx.db.run().id().update(Run {\n    \u001b[1m\u001b[94m|\u001b[0m                \u001b[1m\u001b[91m^^^\u001b[0m \u001b[1m\u001b[91mmethod not found in `Local`\u001b[0m\n\n"}
{"$message_type":"diagnostic","message":"no method named `run_payload` found for struct `Local` in the current scope","code":{"code":"E0599","explanation":"This error occurs when a method is used on a type which doesn't implement it:\n\nErroneous code example:\n\n```compile_fail,E0599\nstruct Mouth;\n\nlet x = Mouth;\nx.chocolate(); // error: no method named `chocolate` found for type `Mouth`\n               //        in the current scope\n```\n\nIn this case, you need to implement the `chocolate` method to fix the error:\n\n```\nstruct Mouth;\n\nimpl Mouth {\n    fn chocolate(&self) { // We implement the `chocolate` method here.\n        println!(\"Hmmm! I love chocolate!\");\n    }\n}\n\nlet x = Mouth;\nx.chocolate(); // ok!\n```\n"},"level":"error","spans":[{"file_name":"src/lib.rs","byte_start":5887,"byte_end":5898,"line_start":232,"line_end":232,"column_start":27,"column_end":38,"is_primary":true,"text":[{"text":"    let existing = ctx.db.run_payload().run_id().find(&payload.run_id);","highlight_start":27,"highlight_end":38}],"label":"method not found in `Local`","suggested_replacement":null,"suggestion_applicability":null,"expansion":null}],"children":[],"rendered":"\u001b[1m\u001b[91merror[E0599]\u001b[0m\u001b[1m: no method named `run_payload` found for struct `Local` in the current scope\u001b[0m\n   \u001b[1m\u001b[94m--> \u001b[0msrc/lib.rs:232:27\n    \u001b[1m\u001b[94m|\u001b[0m\n\u001b[1m\u001b[94m232\u001b[0m \u001b[1m\u001b[94m|\u001b[0m     let existing = ctx.db.run_payload().run_id().find(&payload.run_id);\n    \u001b[1m\u001b[94m|\u001b[0m                           \u001b[1m\u001b[91m^^^^^^^^^^^\u001b[0m \u001b[1m\u001b[91mmethod not found in `Local`\u001b[0m\n\n"}
{"$message_type":"diagnostic","message":"no method named `run_payload` found for struct `Local` in the current scope","code":{"code":"E0599","explanation":"This error occurs when a method is used on a type which doesn't implement it:\n\nErroneous code example:\n\n```compile_fail,E0599\nstruct Mouth;\n\nlet x = Mouth;\nx.chocolate(); // error: no method named `chocolate` found for type `Mouth`\n               //        in the current scope\n```\n\nIn this case, you need to implement the `chocolate` method to fix the error:\n\n```\nstruct Mouth;\n\nimpl Mouth {\n    fn chocolate(&self) { // We implement the `chocolate` method here.\n        println!(\"Hmmm! I love chocolate!\");\n    }\n}\n\nlet x = Mouth;\nx.chocolate(); // ok!\n```\n"},"level":"error","spans":[{"file_name":"src/lib.rs","byte_start":5976,"byte_end":5987,"line_start":234,"line_end":234,"column_start":16,"column_end":27,"is_primary":true,"text":[{"text":"        ctx.db.run_payload().run_id().update(payload);","highlight_start":16,"highlight_end":27}],"label":"method not found in `Local`","suggested_replacement":null,"suggestion_applicability":null,"expansion":null}],"children":[],"rendered":"\u001b[1m\u001b[91merror[E0599]\u001b[0m\u001b[1m: no method named `run_payload` found for struct `Local` in the current scope\u001b[0m\n   \u001b[1m\u001b[94m--> \u001b[0msrc/lib.rs:234:16\n    \u001b[1m\u001b[94m|\u001b[0m\n\u001b[1m\u001b[94m234\u001b[0m \u001b[1m\u001b[94m|\u001b[0m         ctx.db.run_payload().run_id().update(payload);\n    \u001b[1m\u001b[94m|\u001b[0m                \u001b[1m\u001b[91m^^^^^^^^^^^\u001b[0m \u001b[1m\u001b[91mmethod not found in `Local`\u001b[0m\n\n"}
{"$message_type":"diagnostic","message":"no method named `run_payload` found for struct `Local` in the current scope","code":{"code":"E0599","explanation":"This error occurs when a method is used on a type which doesn't implement it:\n\nErroneous code example:\n\n```compile_fail,E0599\nstruct Mouth;\n\nlet x = Mouth;\nx.chocolate(); // error: no method named `chocolate` found for type `Mouth`\n               //        in the current scope\n```\n\nIn this case, you need to implement the `chocolate` method to fix the error:\n\n```\nstruct Mouth;\n\nimpl Mouth {\n    fn chocolate(&self) { // We implement the `chocolate` method here.\n        println!(\"Hmmm! I love chocolate!\");\n    }\n}\n\nlet x = Mouth;\nx.chocolate(); // ok!\n```\n"},"level":"error","spans":[{"file_name":"src/lib.rs","byte_start":6044,"byte_end":6055,"line_start":236,"line_end":236,"column_start":16,"column_end":27,"is_primary":true,"text":[{"text":"        ctx.db.run_payload().insert(payload);","highlight_start":16,"highlight_end":27}],"label":"method not found in `Local`","suggested_replacement":null,"suggestion_applicability":null,"expansion":null}],"children":[],"rendered":"\u001b[1m\u001b[91merror[E0599]\u001b[0m\u001b[1m: no method named `run_payload` found for struct `Local` in the current scope\u001b[0m\n   \u001b[1m\u001b[94m--> \u001b[0msrc/lib.rs:236:16\n    \u001b[1m\u001b[94m|\u001b[0m\n\u001b[1m\u001b[94m236\u001b[0m \u001b[1m\u001b[94m|\u001b[0m         ctx.db.run_payload().insert(payload);\n    \u001b[1m\u001b[94m|\u001b[0m                \u001b[1m\u001b[91m^^^^^^^^^^^\u001b[0m \u001b[1m\u001b[91mmethod not found in `Local`\u001b[0m\n\n"}
{"$message_type":"diagnostic","message":"no method named `run` found for struct `Local` in the current scope","code":{"code":"E0599","explanation":"This error occurs when a method is used on a type which doesn't implement it:\n\nErroneous code example:\n\n```compile_fail,E0599\nstruct Mouth;\n\nlet x = Mouth;\nx.chocolate(); // error: no method named `chocolate` found for type `Mouth`\n               //        in the current scope\n```\n\nIn this case, you need to implement the `chocolate` method to fix the error:\n\n```\nstruct Mouth;\n\nimpl Mouth {\n    fn chocolate(&self) { // We implement the `chocolate` method here.\n        println!(\"Hmmm! I love chocolate!\");\n    }\n}\n\nlet x = Mouth;\nx.chocolate(); // ok!\n```\n"},"level":"error","spans":[{"file_name":"src/lib.rs","byte_start":6204,"byte_end":6207,"line_start":242,"line_end":242,"column_start":31,"column_end":34,"is_primary":true,"text":[{"text":"    if let Some(row) = ctx.db.run().id().find(&input.id) {","highlight_start":31,"highlight_end":34}],"label":"method not found in `Local`","suggested_replacement":null,"suggestion_applicability":null,"expansion":null}],"children":[],"rendered":"\u001b[1m\u001b[91merror[E0599]\u001b[0m\u001b[1m: no method named `run` found for struct `Local` in the current scope\u001b[0m\n   \u001b[1m\u001b[94m--> \u001b[0msrc/lib.rs:242:31\n    \u001b[1m\u001b[94m|\u001b[0m\n\u001b[1m\u001b[94m242\u001b[0m \u001b[1m\u001b[94m|\u001b[0m     if let Some(row) = ctx.db.run().id().find(&input.id) {\n    \u001b[1m\u001b[94m|\u001b[0m                               \u001b[1m\u001b[91m^^^\u001b[0m \u001b[1m\u001b[91mmethod not found in `Local`\u001b[0m\n\n"}
{"$message_type":"diagnostic","message":"no method named `run` found for struct `Local` in the current scope","code":{"code":"E0599","explanation":"This error occurs when a method is used on a type which doesn't implement it:\n\nErroneous code example:\n\n```compile_fail,E0599\nstruct Mouth;\n\nlet x = Mouth;\nx.chocolate(); // error: no method named `chocolate` found for type `Mouth`\n               //        in the current scope\n```\n\nIn this case, you need to implement the `chocolate` method to fix the error:\n\n```\nstruct Mouth;\n\nimpl Mouth {\n    fn chocolate(&self) { // We implement the `chocolate` method here.\n        println!(\"Hmmm! I love chocolate!\");\n    }\n}\n\nlet x = Mouth;\nx.chocolate(); // ok!\n```\n"},"level":"error","spans":[{"file_name":"src/lib.rs","byte_start":6248,"byte_end":6251,"line_start":243,"line_end":243,"column_start":16,"column_end":19,"is_primary":true,"text":[{"text":"        ctx.db.run().id().update(Run {","highlight_start":16,"highlight_end":19}],"label":"method not found in `Local`","suggested_replacement":null,"suggestion_applicability":null,"expansion":null}],"children":[],"rendered":"\u001b[1m\u001b[91merror[E0599]\u001b[0m\u001b[1m: no method named `run` found for struct `Local` in the current scope\u001b[0m\n   \u001b[1m\u001b[94m--> \u001b[0msrc/lib.rs:243:16\n    \u001b[1m\u001b[94m|\u001b[0m\n\u001b[1m\u001b[94m243\u001b[0m \u001b[1m\u001b[94m|\u001b[0m         ctx.db.run().id().update(Run {\n    \u001b[1m\u001b[94m|\u001b[0m                \u001b[1m\u001b[91m^^^\u001b[0m \u001b[1m\u001b[91mmethod not found in `Local`\u001b[0m\n\n"}
{"$message_type":"diagnostic","message":"no method named `run` found for struct `Local` in the current scope","code":{"code":"E0599","explanation":"This error occurs when a method is used on a type which doesn't implement it:\n\nErroneous code example:\n\n```compile_fail,E0599\nstruct Mouth;\n\nlet x = Mouth;\nx.chocolate(); // error: no method named `chocolate` found for type `Mouth`\n               //        in the current scope\n```\n\nIn this case, you need to implement the `chocolate` method to fix the error:\n\n```\nstruct Mouth;\n\nimpl Mouth {\n    fn chocolate(&self) { // We implement the `chocolate` method here.\n        println!(\"Hmmm! I love chocolate!\");\n    }\n}\n\nlet x = Mouth;\nx.chocolate(); // ok!\n```\n"},"level":"error","spans":[{"file_name":"src/lib.rs","byte_start":6602,"byte_end":6605,"line_start":255,"line_end":255,"column_start":31,"column_end":34,"is_primary":true,"text":[{"text":"    if let Some(row) = ctx.db.run().id().find(&input.id) {","highlight_start":31,"highlight_end":34}],"label":"method not found in `Local`","suggested_replacement":null,"suggestion_applicability":null,"expansion":null}],"children":[],"rendered":"\u001b[1m\u001b[91merror[E0599]\u001b[0m\u001b[1m: no method named `run` found for struct `Local` in the current scope\u001b[0m\n   \u001b[1m\u001b[94m--> \u001b[0msrc/lib.rs:255:31\n    \u001b[1m\u001b[94m|\u001b[0m\n\u001b[1m\u001b[94m255\u001b[0m \u001b[1m\u001b[94m|\u001b[0m     if let Some(row) = ctx.db.run().id().find(&input.id) {\n    \u001b[1m\u001b[94m|\u001b[0m                               \u001b[1m\u001b[91m^^^\u001b[0m \u001b[1m\u001b[91mmethod not found in `Local`\u001b[0m\n\n"}
{"$message_type":"diagnostic","message":"no method named `run` found for struct `Local` in the current scope","code":{"code":"E0599","explanation":"This error occurs when a method is used on a type which doesn't implement it:\n\nErroneous code example:\n\n```compile_fail,E0599\nstruct Mouth;\n\nlet x = Mouth;\nx.chocolate(); // error: no method named `chocolate` found for type `Mouth`\n               //        in the current scope\n```\n\nIn this case, you need to implement the `chocolate` method to fix the error:\n\n```\nstruct Mouth;\n\nimpl Mouth {\n    fn chocolate(&self) { // We implement the `chocolate` method here.\n        println!(\"Hmmm! I love chocolate!\");\n    }\n}\n\nlet x = Mouth;\nx.chocolate(); // ok!\n```\n"},"level":"error","spans":[{"file_name":"src/lib.rs","byte_start":6646,"byte_end":6649,"line_start":256,"line_end":256,"column_start":16,"column_end":19,"is_primary":true,"text":[{"text":"        ctx.db.run().id().update(Run {","highlight_start":16,"highlight_end":19}],"label":"method not found in `Local`","suggested_replacement":null,"suggestion_applicability":null,"expansion":null}],"children":[],"rendered":"\u001b[1m\u001b[91merror[E0599]\u001b[0m\u001b[1m: no method named `run` found for struct `Local` in the current scope\u001b[0m\n   \u001b[1m\u001b[94m--> \u001b[0msrc/lib.rs:256:16\n    \u001b[1m\u001b[94m|\u001b[0m\n\u001b[1m\u001b[94m256\u001b[0m \u001b[1m\u001b[94m|\u001b[0m         ctx.db.run().id().update(Run {\n    \u001b[1m\u001b[94m|\u001b[0m                \u001b[1m\u001b[91m^^^\u001b[0m \u001b[1m\u001b[91mmethod not found in `Local`\u001b[0m\n\n"}
{"$message_type":"diagnostic","message":"aborting due to 30 previous errors","code":null,"level":"error","spans":[],"children":[],"rendered":"\u001b[1m\u001b[91merror\u001b[0m\u001b[1m: aborting due to 30 previous errors\u001b[0m\n\n"}
{"$message_type":"diagnostic","message":"Some errors have detailed explanations: E0422, E0599.","code":null,"level":"failure-note","spans":[],"children":[],"rendered":"\u001b[1mSome errors have detailed explanations: E0422, E0599.\u001b[0m\n"}
{"$message_type":"diagnostic","message":"For more information about an error, try `rustc --explain E0422`.","code":null,"level":"failure-note","spans":[],"children":[],"rendered":"\u001b[1mFor more information about an error, try `rustc --explain E0422`.\u001b[0m\n"}
